d:\course\assemble\usb_lab\usb_lab\x64\debug\vc143.pdb
d:\course\assemble\usb_lab\usb_lab\x64\debug\vc143.idb
d:\course\assemble\usb_lab\usb_lab\x64\debug\main.obj
d:\course\assemble\usb_lab\usb_lab\x64\debug\imgui_widgets.obj
d:\course\assemble\usb_lab\usb_lab\x64\debug\imgui_tables.obj
d:\course\assemble\usb_lab\usb_lab\x64\debug\imgui_impl_win32.obj
d:\course\assemble\usb_lab\usb_lab\x64\debug\imgui_impl_dx11.obj
d:\course\assemble\usb_lab\usb_lab\x64\debug\imgui_draw.obj
d:\course\assemble\usb_lab\usb_lab\x64\debug\imgui.obj
d:\course\assemble\usb_lab\usb_lab\x64\debug\usbcore.obj
d:\course\assemble\usb_lab\usb_lab\x64\debug\rendersystem.obj
d:\course\assemble\usb_lab\usb_lab\x64\debug\guilayer.obj
d:\course\assemble\usb_lab\x64\debug\usb_lab.exe
d:\course\assemble\usb_lab\x64\debug\usb_lab.pdb
d:\course\assemble\usb_lab\usb_lab\x64\debug\usb_lab.ilk
d:\course\assemble\usb_lab\usb_lab\x64\debug\usb_lab.tlog\cl.command.1.tlog
d:\course\assemble\usb_lab\usb_lab\x64\debug\usb_lab.tlog\cl.items.tlog
d:\course\assemble\usb_lab\usb_lab\x64\debug\usb_lab.tlog\cl.read.1.tlog
d:\course\assemble\usb_lab\usb_lab\x64\debug\usb_lab.tlog\cl.write.1.tlog
d:\course\assemble\usb_lab\usb_lab\x64\debug\usb_lab.tlog\link.command.1.tlog
d:\course\assemble\usb_lab\usb_lab\x64\debug\usb_lab.tlog\link.read.1.tlog
d:\course\assemble\usb_lab\usb_lab\x64\debug\usb_lab.tlog\link.secondary.1.tlog
d:\course\assemble\usb_lab\usb_lab\x64\debug\usb_lab.tlog\link.write.1.tlog
